<?xml version="1.0" encoding="UTF-8"?>
<!-- Generated by org.testng.reporters.JUnitReportReporter -->
<testsuite skipped="0" hostname="LAPTOP-P8JB6RV7" name="OrgSiva.Sample.MongoDBTest" tests="1" failures="0" timestamp="24 Jul 2021 03:56:26 GMT" time="10.730" errors="0">
  <testcase name="WebScrapeTest" time="10.730" classname="OrgSiva.Sample.MongoDBTest"/>
</testsuite> <!-- OrgSiva.Sample.MongoDBTest -->
